<?xml version="1.0" encoding="UTF-8"?>
<!-- Generated by org.testng.reporters.JUnitXMLReporter -->
<testsuite ignored="3" hostname="PL-IN-PF5JALJ8" failures="3" tests="6" name="Swag Lab Login Page Test" time="185.024" errors="0" timestamp="2025-11-27T09:25:33 IST">
  <testcase classname="com.qa.playwright.tests.SwagLabTc.HomePageTest" name="testAllAccounts" time="34.983"/>
  <testcase classname="com.qa.playwright.tests.SwagLabTc.HomePageTest" name="testAllAccounts" time="6.114"/>
  <testcase classname="com.qa.playwright.tests.SwagLabTc.HomePageTest" name="testAllAccounts" time="8.227">
    <failure type="java.lang.AssertionError" message="Filter Not Applied expected [true] but found [false]">
      <![CDATA[java.lang.AssertionError: Filter Not Applied expected [true] but found [false]
at com.qa.playwright.tests.SwagLabTc.HomePageTest.testFilter(HomePageTest.java:29)
at com.qa.playwright.tests.SwagLabTc.HomePageTest.testAllAccounts(HomePageTest.java:62)
at java.base/java.util.ArrayList.forEach(ArrayList.java:1511)
at java.base/java.util.concurrent.FutureTask.run$$$capture(FutureTask.java:264)
at java.base/java.util.concurrent.FutureTask.run(FutureTask.java)
at --- Async.Stack.Trace --- (captured by IntelliJ IDEA debugger)
at java.base/java.util.concurrent.FutureTask.<init>(FutureTask.java:132)
at java.base/java.util.concurrent.AbstractExecutorService.newTaskFor(AbstractExecutorService.java:113)
at java.base/java.util.concurrent.AbstractExecutorService.invokeAll(AbstractExecutorService.java:274)
at com.intellij.rt.testng.IDEARemoteTestNG.run(IDEARemoteTestNG.java:65)
at com.intellij.rt.testng.RemoteTestNGStarter.main(RemoteTestNGStarter.java:105)
... Removed 30 stack frames]]>
    </failure>
  </testcase> <!-- testAllAccounts -->
  <testcase classname="com.qa.playwright.tests.SwagLabTc.HomePageTest" name="testAllAccounts" time="49.87"/>
  <testcase classname="com.qa.playwright.tests.SwagLabTc.HomePageTest" name="testAllAccounts" time="8.247">
    <failure type="java.lang.AssertionError" message="Filter Not Applied expected [true] but found [false]">
      <![CDATA[java.lang.AssertionError: Filter Not Applied expected [true] but found [false]
at com.qa.playwright.tests.SwagLabTc.HomePageTest.testFilter(HomePageTest.java:29)
at com.qa.playwright.tests.SwagLabTc.HomePageTest.testAllAccounts(HomePageTest.java:62)
at java.base/java.util.ArrayList.forEach(ArrayList.java:1511)
at java.base/java.util.concurrent.FutureTask.run$$$capture(FutureTask.java:264)
at java.base/java.util.concurrent.FutureTask.run(FutureTask.java)
at --- Async.Stack.Trace --- (captured by IntelliJ IDEA debugger)
at java.base/java.util.concurrent.FutureTask.<init>(FutureTask.java:132)
at java.base/java.util.concurrent.AbstractExecutorService.newTaskFor(AbstractExecutorService.java:113)
at java.base/java.util.concurrent.AbstractExecutorService.invokeAll(AbstractExecutorService.java:274)
at com.intellij.rt.testng.IDEARemoteTestNG.run(IDEARemoteTestNG.java:65)
at com.intellij.rt.testng.RemoteTestNGStarter.main(RemoteTestNGStarter.java:105)
... Removed 30 stack frames]]>
    </failure>
  </testcase> <!-- testAllAccounts -->
  <testcase classname="com.qa.playwright.tests.SwagLabTc.HomePageTest" name="testAllAccounts" time="8.24">
    <failure type="java.lang.AssertionError" message="Filter Not Applied expected [true] but found [false]">
      <![CDATA[java.lang.AssertionError: Filter Not Applied expected [true] but found [false]
at com.qa.playwright.tests.SwagLabTc.HomePageTest.testFilter(HomePageTest.java:29)
at com.qa.playwright.tests.SwagLabTc.HomePageTest.testAllAccounts(HomePageTest.java:62)
at java.base/java.util.ArrayList.forEach(ArrayList.java:1511)
at java.base/java.util.concurrent.FutureTask.run$$$capture(FutureTask.java:264)
at java.base/java.util.concurrent.FutureTask.run(FutureTask.java)
at --- Async.Stack.Trace --- (captured by IntelliJ IDEA debugger)
at java.base/java.util.concurrent.FutureTask.<init>(FutureTask.java:132)
at java.base/java.util.concurrent.AbstractExecutorService.newTaskFor(AbstractExecutorService.java:113)
at java.base/java.util.concurrent.AbstractExecutorService.invokeAll(AbstractExecutorService.java:274)
at com.intellij.rt.testng.IDEARemoteTestNG.run(IDEARemoteTestNG.java:65)
at com.intellij.rt.testng.RemoteTestNGStarter.main(RemoteTestNGStarter.java:105)
... Removed 30 stack frames]]>
    </failure>
  </testcase> <!-- testAllAccounts -->
  <testcase classname="com.qa.playwright.tests.SwagLabTc.HomePageTest" name="testCart" time="0.0">
    <ignored/>
  </testcase> <!-- testCart -->
  <testcase classname="com.qa.playwright.tests.SwagLabTc.HomePageTest" name="testFilter" time="0.0">
    <ignored/>
  </testcase> <!-- testFilter -->
  <testcase classname="com.qa.playwright.tests.SwagLabTc.HomePageTest" name="testHover" time="0.0">
    <ignored/>
  </testcase> <!-- testHover -->
</testsuite> <!-- Swag Lab Login Page Test -->
