<?xml version="1.0" encoding="UTF-8"?>
<!-- Generated by org.testng.reporters.JUnitXMLReporter -->
<testsuite ignored="1" hostname="PL-IN-PF5JALJ8" failures="0" tests="6" name="Swag Lab Login Page Test" time="115.429" errors="0" timestamp="2025-11-25T13:54:14 IST">
  <testcase classname="com.qa.playwright.tests.SwagLabTc.LoginPageTest" name="testLogin" time="10.261"/>
  <testcase classname="com.qa.playwright.tests.SwagLabTc.LoginPageTest" name="testLogin" time="6.136"/>
  <testcase classname="com.qa.playwright.tests.SwagLabTc.LoginPageTest" name="testLogin" time="10.255"/>
  <testcase classname="com.qa.playwright.tests.SwagLabTc.LoginPageTest" name="testLogin" time="15.212"/>
  <testcase classname="com.qa.playwright.tests.SwagLabTc.LoginPageTest" name="testLogin" time="10.2"/>
  <testcase classname="com.qa.playwright.tests.SwagLabTc.LoginPageTest" name="testLogin" time="10.245"/>
  <testcase classname="com.qa.playwright.tests.SwagLabTc.LoginPageTest" name="testPricesForDifferentAcc" time="0.0">
    <ignored/>
  </testcase> <!-- testPricesForDifferentAcc -->
</testsuite> <!-- Swag Lab Login Page Test -->
