<?xml version="1.0" encoding="UTF-8"?>
<!-- Generated by org.testng.reporters.JUnitXMLReporter -->
<testsuite ignored="3" hostname="PL-IN-PF5JALJ8" failures="0" tests="2" name="Swag Lab Login Page Test" time="81.507" errors="0" timestamp="2025-12-02T10:37:18 IST">
  <testcase classname="com.qa.playwright.tests.SwagLabTc.HomePageTest" name="testCart" time="28.657"/>
  <testcase classname="com.qa.playwright.tests.SwagLabTc.HomePageTest" name="testCart" time="28.678"/>
  <testcase classname="com.qa.playwright.tests.SwagLabTc.HomePageTest" name="testFilter" time="0.0">
    <ignored/>
  </testcase> <!-- testFilter -->
  <testcase classname="com.qa.playwright.tests.SwagLabTc.HomePageTest" name="testAllAccounts" time="0.0">
    <ignored/>
  </testcase> <!-- testAllAccounts -->
  <testcase classname="com.qa.playwright.tests.SwagLabTc.HomePageTest" name="testHover" time="0.0">
    <ignored/>
  </testcase> <!-- testHover -->
</testsuite> <!-- Swag Lab Login Page Test -->
