<?xml version="1.0" encoding="UTF-8"?>
<!-- Generated by org.testng.reporters.JUnitXMLReporter -->
<testsuite ignored="3" hostname="PL-IN-PF5JALJ8" failures="0" tests="2" name="Swag Lab Login Page Test" time="94.978" errors="0" timestamp="2026-06-01T09:32:04 IST">
  <testcase classname="com.qa.playwright.tests.SwagLabTc.LeavePageTest" name="testCart" time="29.221"/>
  <testcase classname="com.qa.playwright.tests.SwagLabTc.LeavePageTest" name="testCart" time="29.152"/>
  <testcase classname="com.qa.playwright.tests.SwagLabTc.LeavePageTest" name="testFilter" time="0.0">
    <ignored/>
  </testcase> <!-- testFilter -->
  <testcase classname="com.qa.playwright.tests.SwagLabTc.LeavePageTest" name="testHover" time="0.0">
    <ignored/>
  </testcase> <!-- testHover -->
  <testcase classname="com.qa.playwright.tests.SwagLabTc.LeavePageTest" name="testAllAccounts" time="0.0">
    <ignored/>
  </testcase> <!-- testAllAccounts -->
</testsuite> <!-- Swag Lab Login Page Test -->
