<?xml version="1.0" encoding="UTF-8"?>
<!-- Generated by org.testng.reporters.JUnitXMLReporter -->
<testsuite ignored="3" hostname="PL-IN-PF5JALJ8" failures="0" tests="2" name="Swag Lab Login Page Test" time="86.503" errors="0" timestamp="2026-01-09T16:01:32 IST">
  <testcase classname="com.qa.playwright.tests.SwagLabTc.LeavePageTest" name="testCart" time="28.724"/>
  <testcase classname="com.qa.playwright.tests.SwagLabTc.LeavePageTest" name="testCart" time="28.727"/>
  <testcase classname="com.qa.playwright.tests.SwagLabTc.LeavePageTest" name="testHover" time="0.0">
    <ignored/>
  </testcase> <!-- testHover -->
  <testcase classname="com.qa.playwright.tests.SwagLabTc.LeavePageTest" name="testFilter" time="0.0">
    <ignored/>
  </testcase> <!-- testFilter -->
  <testcase classname="com.qa.playwright.tests.SwagLabTc.LeavePageTest" name="testAllAccounts" time="0.0">
    <ignored/>
  </testcase> <!-- testAllAccounts -->
</testsuite> <!-- Swag Lab Login Page Test -->
