<?xml version="1.0" encoding="UTF-8"?>
<!-- Generated by org.testng.reporters.JUnitXMLReporter -->
<testsuite ignored="2" hostname="PL-IN-PF5JALJ8" failures="1" tests="1" name="Swag Lab Login Page Test" time="30.265" errors="0" timestamp="2025-11-24T18:36:13 IST">
  <testcase classname="com.qa.playwright.tests.SwagLabTc.HomePageTest" name="testFilter" time="2.037">
    <failure type="java.lang.AssertionError" message="Checking reporting">
      <![CDATA[java.lang.AssertionError: Checking reporting
at com.qa.playwright.tests.SwagLabTc.HomePageTest.testFilter(HomePageTest.java:25)
at java.base/java.util.ArrayList.forEach(ArrayList.java:1511)
at java.base/java.util.concurrent.FutureTask.run$$$capture(FutureTask.java:264)
at java.base/java.util.concurrent.FutureTask.run(FutureTask.java)
at --- Async.Stack.Trace --- (captured by IntelliJ IDEA debugger)
at java.base/java.util.concurrent.FutureTask.<init>(FutureTask.java:132)
at java.base/java.util.concurrent.AbstractExecutorService.newTaskFor(AbstractExecutorService.java:113)
at java.base/java.util.concurrent.AbstractExecutorService.invokeAll(AbstractExecutorService.java:274)
at com.intellij.rt.testng.IDEARemoteTestNG.run(IDEARemoteTestNG.java:65)
at com.intellij.rt.testng.RemoteTestNGStarter.main(RemoteTestNGStarter.java:105)
... Removed 28 stack frames]]>
    </failure>
  </testcase> <!-- testFilter -->
  <testcase classname="com.qa.playwright.tests.SwagLabTc.HomePageTest" name="testCart" time="0.0">
    <ignored/>
  </testcase> <!-- testCart -->
  <testcase classname="com.qa.playwright.tests.SwagLabTc.HomePageTest" name="testHover" time="0.0">
    <ignored/>
  </testcase> <!-- testHover -->
</testsuite> <!-- Swag Lab Login Page Test -->
