<?xml version="1.0" encoding="UTF-8"?>
<!-- Generated by org.testng.reporters.JUnitXMLReporter -->
<testsuite ignored="3" hostname="PL-IN-PF5JALJ8" failures="0" tests="1" name="Swag Lab Login Page Test 2" time="23.591" errors="0" timestamp="2026-09-04T08:55:30 IST">
  <testcase classname="com.qa.playwright.tests.SwagLabTc.LeavePageTest" name="testFilter" time="2.177"/>
  <testcase classname="com.qa.playwright.tests.SwagLabTc.LeavePageTest" name="testAllAccounts" time="0.0">
    <ignored/>
  </testcase> <!-- testAllAccounts -->
  <testcase classname="com.qa.playwright.tests.SwagLabTc.LeavePageTest" name="testHover" time="0.0">
    <ignored/>
  </testcase> <!-- testHover -->
  <testcase classname="com.qa.playwright.tests.SwagLabTc.LeavePageTest" name="testCart" time="0.0">
    <ignored/>
  </testcase> <!-- testCart -->
</testsuite> <!-- Swag Lab Login Page Test 2 -->
