<?xml version="1.0" encoding="UTF-8"?>
<!-- Generated by org.testng.reporters.JUnitXMLReporter -->
<testsuite ignored="3" hostname="PL-IN-PF5JALJ8" failures="0" tests="1" name="Swag Lab Login Page Test" time="78.716" errors="0" timestamp="2026-09-04T08:45:25 IST">
  <testcase classname="com.qa.playwright.tests.SwagLabTc.LeavePageTest" name="testFilter" time="2.2"/>
  <testcase classname="com.qa.playwright.tests.SwagLabTc.LeavePageTest" name="testHover" time="0.0">
    <ignored/>
  </testcase> <!-- testHover -->
  <testcase classname="com.qa.playwright.tests.SwagLabTc.LeavePageTest" name="testCart" time="0.0">
    <ignored/>
  </testcase> <!-- testCart -->
  <testcase classname="com.qa.playwright.tests.SwagLabTc.LeavePageTest" name="testAllAccounts" time="0.0">
    <ignored/>
  </testcase> <!-- testAllAccounts -->
</testsuite> <!-- Swag Lab Login Page Test -->
