<?xml version="1.0" encoding="UTF-8"?>
<testsuite xmlns:xsi="http://www.w3.org/2001/XMLSchema-instance" xsi:noNamespaceSchemaLocation="https://maven.apache.org/surefire/maven-surefire-plugin/xsd/surefire-test-report.xsd" version="3.0.2" name="TestSuite" time="93.106" tests="1" errors="0" skipped="0" failures="1">
  <properties>
[...]
</properties>
  <testcase name="applyLeaveTest" classname="com.qa.playwright.tests.OrangeHrmTc.LeavePageTest" time="34.582">
    <failure message="Error {&#10;  message=&apos;Target page, context or browser has been closed&#10;  name=&apos;TargetClosedError&#10;  stack=&apos;TargetClosedError:Target page, context or browser has been closed&#10;Error&#10;    at captureRawStack (C:\Users\ryadav\AppData\Local\Temp\playwright-java-10358837251427122710\package\lib\utils\stackTrace.js:50:17)&#10;    at LongStandingScope._race (C:\Users\ryadav\AppData\Local\Temp\playwright-java-10358837251427122710\package\lib\utils\manualPromise.js:91:52)&#10;    at LongStandingScope.race (C:\Users\ryadav\AppData\Local\Temp\playwright-java-10358837251427122710\package\lib\utils\manualPromise.js:84:17)&#10;    at FrameDispatcher._handleCommand (C:\Users\ryadav\AppData\Local\Temp\playwright-java-10358837251427122710\package\lib\server\dispatchers\dispatcher.js:96:36)&#10;    at DispatcherConnection.dispatch (C:\Users\ryadav\AppData\Local\Temp\playwright-java-10358837251427122710\package\lib\server\dispatchers\dispatcher.js:361:39)&#10;}&#10;Call log:&#10;-   - waiting for locator(&quot;//div[@role=&apos;document&apos;]&quot;) to be visible&#10;" type="com.microsoft.playwright.impl.TargetClosedError"><![CDATA[com.microsoft.playwright.impl.TargetClosedError: 
Error {
  message='Target page, context or browser has been closed
  name='TargetClosedError
  stack='TargetClosedError:Target page, context or browser has been closed
Error
    at captureRawStack (C:\Users\ryadav\AppData\Local\Temp\playwright-java-10358837251427122710\package\lib\utils\stackTrace.js:50:17)
    at LongStandingScope._race (C:\Users\ryadav\AppData\Local\Temp\playwright-java-10358837251427122710\package\lib\utils\manualPromise.js:91:52)
    at LongStandingScope.race (C:\Users\ryadav\AppData\Local\Temp\playwright-java-10358837251427122710\package\lib\utils\manualPromise.js:84:17)
    at FrameDispatcher._handleCommand (C:\Users\ryadav\AppData\Local\Temp\playwright-java-10358837251427122710\package\lib\server\dispatchers\dispatcher.js:96:36)
    at DispatcherConnection.dispatch (C:\Users\ryadav\AppData\Local\Temp\playwright-java-10358837251427122710\package\lib\server\dispatchers\dispatcher.js:361:39)
}
Call log:
-   - waiting for locator("//div[@role='document']") to be visible

	at com.microsoft.playwright.impl.WaitableResult.get(WaitableResult.java:54)
	at com.microsoft.playwright.impl.ChannelOwner.runUntil(ChannelOwner.java:132)
	at com.microsoft.playwright.impl.Connection.sendMessage(Connection.java:130)
	at com.microsoft.playwright.impl.ChannelOwner.sendMessage(ChannelOwner.java:118)
	at com.microsoft.playwright.impl.FrameImpl.waitForSelectorImpl(FrameImpl.java:1060)
	at com.microsoft.playwright.impl.FrameImpl.waitForSelectorImpl(FrameImpl.java:1050)
	at com.microsoft.playwright.impl.PageImpl.lambda$waitForSelector$95(PageImpl.java:1590)
	at com.microsoft.playwright.impl.LoggingSupport.withLogging(LoggingSupport.java:47)
	at com.microsoft.playwright.impl.ChannelOwner.withLogging(ChannelOwner.java:97)
	at com.microsoft.playwright.impl.PageImpl.waitForSelector(PageImpl.java:1589)
	at com.microsoft.playwright.Page.waitForSelector(Page.java:8291)
	at com.qa.playwright.pages.OrangeHRMPages.orangeHrmLeavePage.applyLeave(orangeHrmLeavePage.java:49)
	at com.qa.playwright.tests.OrangeHrmTc.LeavePageTest.applyLeaveTest(LeavePageTest.java:21)
	at java.base/jdk.internal.reflect.NativeMethodAccessorImpl.invoke0(Native Method)
	at java.base/jdk.internal.reflect.NativeMethodAccessorImpl.invoke(NativeMethodAccessorImpl.java:77)
	at java.base/jdk.internal.reflect.DelegatingMethodAccessorImpl.invoke(DelegatingMethodAccessorImpl.java:43)
	at java.base/java.lang.reflect.Method.invoke(Method.java:569)
	at org.testng.internal.invokers.MethodInvocationHelper.invokeMethod(MethodInvocationHelper.java:141)
	at org.testng.internal.invokers.TestInvoker.invokeMethod(TestInvoker.java:686)
	at org.testng.internal.invokers.TestInvoker.invokeTestMethod(TestInvoker.java:230)
	at org.testng.internal.invokers.MethodRunner.runInSequence(MethodRunner.java:63)
	at org.testng.internal.invokers.TestInvoker$MethodInvocationAgent.invoke(TestInvoker.java:992)
	at org.testng.internal.invokers.TestInvoker.invokeTestMethods(TestInvoker.java:203)
	at org.testng.internal.invokers.TestMethodWorker.invokeTestMethods(TestMethodWorker.java:154)
	at org.testng.internal.invokers.TestMethodWorker.run(TestMethodWorker.java:134)
	at java.base/java.util.ArrayList.forEach(ArrayList.java:1511)
	at org.testng.TestRunner.privateRun(TestRunner.java:739)
	at org.testng.TestRunner.run(TestRunner.java:614)
	at org.testng.SuiteRunner.runTest(SuiteRunner.java:421)
	at org.testng.SuiteRunner$SuiteWorker.run(SuiteRunner.java:463)
	at org.testng.internal.thread.ThreadUtil.lambda$execute$0(ThreadUtil.java:64)
	at java.base/java.util.concurrent.FutureTask.run(FutureTask.java:264)
	at java.base/java.util.concurrent.ThreadPoolExecutor.runWorker(ThreadPoolExecutor.java:1136)
	at java.base/java.util.concurrent.ThreadPoolExecutor$Worker.run(ThreadPoolExecutor.java:635)
	at java.base/java.lang.Thread.run(Thread.java:840)
Caused by: com.microsoft.playwright.impl.TargetClosedError: Error {
  message='Target page, context or browser has been closed
  name='TargetClosedError
  stack='TargetClosedError:Target page, context or browser has been closed
Error
    at captureRawStack (C:\Users\ryadav\AppData\Local\Temp\playwright-java-10358837251427122710\package\lib\utils\stackTrace.js:50:17)
    at LongStandingScope._race (C:\Users\ryadav\AppData\Local\Temp\playwright-java-10358837251427122710\package\lib\utils\manualPromise.js:91:52)
    at LongStandingScope.race (C:\Users\ryadav\AppData\Local\Temp\playwright-java-10358837251427122710\package\lib\utils\manualPromise.js:84:17)
    at FrameDispatcher._handleCommand (C:\Users\ryadav\AppData\Local\Temp\playwright-java-10358837251427122710\package\lib\server\dispatchers\dispatcher.js:96:36)
    at DispatcherConnection.dispatch (C:\Users\ryadav\AppData\Local\Temp\playwright-java-10358837251427122710\package\lib\server\dispatchers\dispatcher.js:361:39)
}
Call log:
-   - waiting for locator("//div[@role='document']") to be visible

	at com.microsoft.playwright.impl.Connection.dispatch(Connection.java:256)
	at com.microsoft.playwright.impl.Connection.processOneMessage(Connection.java:211)
	at com.microsoft.playwright.impl.ChannelOwner.runUntil(ChannelOwner.java:130)
	... 33 more
]]></failure>
    <system-out><![CDATA[2026-01-16 15:38:14 INFO  BaseTest:92 - Log4j initialized for this run: 2026_01_16_15-38-14
2026-01-16 15:38:14 INFO  BaseTest:64 - Browser initialize
browser name is : chrome
2026-01-16 15:38:38 INFO  BaseTest:25 - Entering Credentials
2026-01-16 15:38:38 INFO  BaseTest:171 - Entering Text
2026-01-16 15:38:40 INFO  BaseTest:171 - Entering Text
2026-01-16 15:38:42 INFO  BaseTest:32 - Element Clicked
2026-01-16 15:38:50 INFO  BaseTest:44 - Element Clicked
2026-01-16 15:39:12 INFO  BaseTest:32 - Apply Leave Test start
2026-01-16 15:39:12 INFO  BaseTest:33 - Start date: 2026-1-1
2026-01-16 15:39:12 INFO  BaseTest:34 - End date: 2026-31-12
2026-01-16 15:39:13 INFO  BaseTest:44 - Element Clicked
2026-01-16 15:39:20 INFO  BaseTest:171 - Entering Text
2026-01-16 15:39:22 INFO  BaseTest:101 - Pressing key: ArrowDown
2026-01-16 15:39:24 INFO  BaseTest:103 - Successfully pressed key: ArrowDown
2026-01-16 15:39:24 INFO  BaseTest:101 - Pressing key: Enter
2026-01-16 15:39:26 INFO  BaseTest:103 - Successfully pressed key: Enter
2026-01-16 15:39:26 INFO  BaseTest:44 - Element Clicked
2026-01-16 15:39:28 INFO  BaseTest:32 - Element Clicked
2026-01-16 15:39:30 INFO  BaseTest:44 - Element Clicked
2026-01-16 15:39:32 INFO  BaseTest:171 - Entering Text
2026-01-16 15:39:34 INFO  BaseTest:44 - Element Clicked
2026-01-16 15:39:36 INFO  BaseTest:101 - Pressing key: Control+A
2026-01-16 15:39:38 INFO  BaseTest:103 - Successfully pressed key: Control+A
2026-01-16 15:39:38 INFO  BaseTest:101 - Pressing key: Backspace
2026-01-16 15:39:40 INFO  BaseTest:103 - Successfully pressed key: Backspace
2026-01-16 15:39:40 INFO  BaseTest:171 - Entering Text
2026-01-16 15:39:42 INFO  BaseTest:44 - Element Clicked
]]></system-out>
    <system-err><![CDATA[SLF4J: Failed to load class "org.slf4j.impl.StaticLoggerBinder".
SLF4J: Defaulting to no-operation (NOP) logger implementation
SLF4J: See http://www.slf4j.org/codes.html#StaticLoggerBinder for further details.
]]></system-err>
  </testcase>
</testsuite>