<?xml version="1.0" encoding="UTF-8"?>
<testsuite xmlns:xsi="http://www.w3.org/2001/XMLSchema-instance" xsi:noNamespaceSchemaLocation="https://maven.apache.org/surefire/maven-surefire-plugin/xsd/surefire-test-report.xsd" version="3.0.2" name="TestSuite" time="76.137" tests="3" errors="0" skipped="0" failures="0">
  <properties>
[...]
</properties>
  <testcase name="testSearch" classname="com.qa.playwright.tests.InstaxTc.HomePageTest" time="6.351">
    <system-out><![CDATA[Test Suite started!
2026-01-13 11:57:13 INFO  BaseTest:85 - Log4j initialized for this run: 2026_01_13_11-57-13
2026-01-13 11:57:13 INFO  BaseTest:58 - Browser initialize
browser name is : chromium
testSearch started!
2026-01-13 11:57:37 INFO  BaseTest:12 - Search Test Started.
2026-01-13 11:57:41 INFO  BaseTest:77 - Pressing key: Enter
2026-01-13 11:57:43 INFO  BaseTest:79 - Successfully pressed key: Enter
2026-01-13 11:57:43 INFO  BaseTest:302 - Verifying Elements
2026-01-13 11:57:43 INFO  BaseTest:16 - Search Test Ended.
testSearch passed!
]]></system-out>
    <system-err><![CDATA[SLF4J: Failed to load class "org.slf4j.impl.StaticLoggerBinder".
SLF4J: Defaulting to no-operation (NOP) logger implementation
SLF4J: See http://www.slf4j.org/codes.html#StaticLoggerBinder for further details.
]]></system-err>
  </testcase>
  <testcase name="testAddToCart" classname="com.qa.playwright.tests.InstaxTc.HomePageTest" time="10.54">
    <system-out><![CDATA[2026-01-13 11:57:43 INFO  BaseTest:71 - Closing browser
2026-01-13 11:57:43 INFO  BaseTest:85 - Log4j initialized for this run: 2026_01_13_11-57-43
2026-01-13 11:57:43 INFO  BaseTest:58 - Browser initialize
browser name is : chromium
testAddToCart started!
2026-01-13 11:57:55 INFO  BaseTest:21 - Add to Cart Test Started.
2026-01-13 11:58:05 INFO  BaseTest:53 - Items added
2026-01-13 11:58:05 INFO  BaseTest:23 - Add to Cart test Ended.
testAddToCart passed!
]]></system-out>
  </testcase>
  <testcase name="testHover" classname="com.qa.playwright.tests.InstaxTc.HomePageTest" time="10.37">
    <system-out><![CDATA[2026-01-13 11:58:05 INFO  BaseTest:71 - Closing browser
2026-01-13 11:58:06 INFO  BaseTest:85 - Log4j initialized for this run: 2026_01_13_11-58-06
2026-01-13 11:58:06 INFO  BaseTest:58 - Browser initialize
browser name is : chromium
testHover started!
2026-01-13 11:58:17 INFO  BaseTest:28 - Hover test Started
2026-01-13 11:58:17 INFO  BaseTest:62 - Hovered over 1 element.
2026-01-13 11:58:19 INFO  BaseTest:62 - Hovered over 2 element.
2026-01-13 11:58:21 INFO  BaseTest:62 - Hovered over 3 element.
2026-01-13 11:58:23 INFO  BaseTest:62 - Hovered over 4 element.
2026-01-13 11:58:25 INFO  BaseTest:62 - Hovered over 5 element.
2026-01-13 11:58:27 INFO  BaseTest:30 - Hover Over test ended
testHover passed!
]]></system-out>
  </testcase>
</testsuite>