<?xml version="1.0" encoding="UTF-8"?>
<testng-results ignored="0" total="1" passed="1" failed="0" skipped="0">
  <reporter-output>
  </reporter-output>
  <suite started-at="2026-04-15T15:16:32 IST" name="Test Suite" finished-at="2026-04-15T15:16:57 IST" duration-ms="24313">
    <groups>
    </groups>
    <test started-at="2026-04-15T15:16:32 IST" name="Swag Lab Login Page Test" finished-at="2026-04-15T15:16:57 IST" duration-ms="24313">
      <class name="com.qa.playwright.tests.SwagLabTc.LeavePageTest">
        <test-method is-config="true" signature="setup(java.lang.String)[pri:0, instance:com.qa.playwright.tests.SwagLabTc.LeavePageTest@1dde4cb2]" started-at="2026-04-15T15:16:33 IST" name="setup" finished-at="2026-04-15T15:16:46 IST" duration-ms="13406" status="PASS">
          <params>
            <param index="0">
              <value>
                <![CDATA[chrome]]>
              </value>
            </param>
          </params>
          <reporter-output>
          </reporter-output>
        </test-method> <!-- setup -->
        <test-method signature="testHover()[pri:2, instance:com.qa.playwright.tests.SwagLabTc.LeavePageTest@1dde4cb2]" started-at="2026-04-15T15:16:46 IST" name="testHover" finished-at="2026-04-15T15:16:56 IST" duration-ms="10254" status="PASS">
          <reporter-output>
          </reporter-output>
        </test-method> <!-- testHover -->
        <test-method is-config="true" signature="tearDown()[pri:0, instance:com.qa.playwright.tests.SwagLabTc.LeavePageTest@1dde4cb2]" started-at="2026-04-15T15:16:56 IST" name="tearDown" finished-at="2026-04-15T15:16:57 IST" duration-ms="390" status="PASS">
          <reporter-output>
          </reporter-output>
        </test-method> <!-- tearDown -->
      </class> <!-- com.qa.playwright.tests.SwagLabTc.LeavePageTest -->
    </test> <!-- Swag Lab Login Page Test -->
  </suite> <!-- Test Suite -->
</testng-results>
