<?xml version="1.0" encoding="UTF-8"?>
<testng-results ignored="0" total="1" passed="1" failed="0" skipped="0">
  <reporter-output>
  </reporter-output>
  <suite started-at="2026-01-14T12:38:42 IST" name="Test Suite" finished-at="2026-01-14T12:39:11 IST" duration-ms="28298">
    <groups>
    </groups>
    <test started-at="2026-01-14T12:38:42 IST" name="Open Cart Home Page Test_chrome 1" finished-at="2026-01-14T12:39:11 IST" duration-ms="28298">
      <class name="com.qa.playwright.tests.OrangeHrmTc.LoginPageTest">
        <test-method is-config="true" signature="setup(java.lang.String)[pri:0, instance:com.qa.playwright.tests.OrangeHrmTc.LoginPageTest@16ec5519]" started-at="2026-01-14T12:38:42 IST" name="setup" finished-at="2026-01-14T12:39:06 IST" duration-ms="23090" status="PASS">
          <params>
            <param index="0">
              <value>
                <![CDATA[chromium]]>
              </value>
            </param>
          </params>
          <reporter-output>
          </reporter-output>
        </test-method> <!-- setup -->
        <test-method signature="testLinks()[pri:0, instance:com.qa.playwright.tests.OrangeHrmTc.LoginPageTest@16ec5519]" started-at="2026-01-14T12:39:06 IST" name="testLinks" finished-at="2026-01-14T12:39:10 IST" duration-ms="4951" status="PASS">
          <reporter-output>
          </reporter-output>
        </test-method> <!-- testLinks -->
        <test-method is-config="true" signature="tearDown()[pri:0, instance:com.qa.playwright.tests.OrangeHrmTc.LoginPageTest@16ec5519]" started-at="2026-01-14T12:39:10 IST" name="tearDown" finished-at="2026-01-14T12:39:11 IST" duration-ms="219" status="PASS">
          <reporter-output>
          </reporter-output>
        </test-method> <!-- tearDown -->
      </class> <!-- com.qa.playwright.tests.OrangeHrmTc.LoginPageTest -->
    </test> <!-- Open Cart Home Page Test_chrome 1 -->
  </suite> <!-- Test Suite -->
</testng-results>
