<?xml version="1.0" encoding="UTF-8"?>
<!-- Generated by org.testng.reporters.JUnitXMLReporter -->
<testsuite ignored="1" hostname="PL-IN-PF5JALJ8" failures="0" tests="1" name="Open Cart Home Page Test_chrome 1" time="28.298" errors="0" timestamp="2026-01-14T12:39:11 IST">
  <testcase classname="com.qa.playwright.tests.OrangeHrmTc.LoginPageTest" name="testLinks" time="4.951"/>
  <testcase classname="com.qa.playwright.tests.OrangeHrmTc.LoginPageTest" name="login" time="0.0">
    <ignored/>
  </testcase> <!-- login -->
</testsuite> <!-- Open Cart Home Page Test_chrome 1 -->
