<?xml version="1.0" encoding="UTF-8"?>
<!-- Generated by org.testng.reporters.JUnitXMLReporter -->
<testsuite ignored="0" hostname="PL-IN-PF5JALJ8" failures="0" tests="2" name="Open Cart Home Page Test_chrome 1" time="59.296" errors="0" timestamp="2026-03-30T12:15:36 IST">
  <testcase classname="com.qa.playwright.tests.OrangeHrmTc.LoginPageTest" name="login" time="7.74"/>
  <testcase classname="com.qa.playwright.tests.OrangeHrmTc.LoginPageTest" name="testLinks" time="13.563"/>
</testsuite> <!-- Open Cart Home Page Test_chrome 1 -->
