<?xml version="1.0" encoding="UTF-8"?>
<testng-results ignored="0" total="2" passed="2" failed="0" skipped="0">
  <reporter-output>
  </reporter-output>
  <suite started-at="2025-12-02T10:35:57 IST" name="Test Suite" finished-at="2025-12-02T10:37:18 IST" duration-ms="81507">
    <groups>
    </groups>
    <test started-at="2025-12-02T10:35:57 IST" name="Swag Lab Login Page Test" finished-at="2025-12-02T10:37:18 IST" duration-ms="81507">
      <class name="com.qa.playwright.tests.SwagLabTc.HomePageTest">
        <test-method is-config="true" signature="setup(java.lang.String)[pri:0, instance:com.qa.playwright.tests.SwagLabTc.HomePageTest@1139b2f3]" started-at="2025-12-02T10:35:58 IST" name="setup" finished-at="2025-12-02T10:36:13 IST" duration-ms="14886" status="PASS">
          <params>
            <param index="0">
              <value>
                <![CDATA[chrome]]>
              </value>
            </param>
          </params>
          <reporter-output>
          </reporter-output>
        </test-method> <!-- setup -->
        <test-method signature="testCart(java.lang.String,java.lang.String,java.lang.String,java.lang.String,[Ljava.lang.String;)[pri:0, instance:com.qa.playwright.tests.SwagLabTc.HomePageTest@1139b2f3]" started-at="2025-12-02T10:36:13 IST" name="testCart" data-provider="swagLabCartData" finished-at="2025-12-02T10:36:41 IST" duration-ms="28657" status="PASS">
          <params>
            <param index="0">
              <value>
                <![CDATA[Ronak]]>
              </value>
            </param>
            <param index="1">
              <value>
                <![CDATA[Yadav]]>
              </value>
            </param>
            <param index="2">
              <value>
                <![CDATA[401209]]>
              </value>
            </param>
            <param index="3">
              <value>
                <![CDATA[103.65]]>
              </value>
            </param>
            <param index="4">
              <value>
                <![CDATA[[Ljava.lang.String;@3845b2a8]]>
              </value>
            </param>
          </params>
          <reporter-output>
          </reporter-output>
        </test-method> <!-- testCart -->
        <test-method is-config="true" signature="tearDown()[pri:0, instance:com.qa.playwright.tests.SwagLabTc.HomePageTest@1139b2f3]" started-at="2025-12-02T10:36:41 IST" name="tearDown" finished-at="2025-12-02T10:36:42 IST" duration-ms="385" status="PASS">
          <reporter-output>
          </reporter-output>
        </test-method> <!-- tearDown -->
        <test-method is-config="true" signature="setup(java.lang.String)[pri:0, instance:com.qa.playwright.tests.SwagLabTc.HomePageTest@1139b2f3]" started-at="2025-12-02T10:36:42 IST" name="setup" finished-at="2025-12-02T10:36:49 IST" duration-ms="7299" status="PASS">
          <params>
            <param index="0">
              <value>
                <![CDATA[chrome]]>
              </value>
            </param>
          </params>
          <reporter-output>
          </reporter-output>
        </test-method> <!-- setup -->
        <test-method signature="testCart(java.lang.String,java.lang.String,java.lang.String,java.lang.String,[Ljava.lang.String;)[pri:0, instance:com.qa.playwright.tests.SwagLabTc.HomePageTest@1139b2f3]" started-at="2025-12-02T10:36:49 IST" name="testCart" data-provider="swagLabCartData" finished-at="2025-12-02T10:37:18 IST" duration-ms="28678" status="PASS">
          <params>
            <param index="0">
              <value>
                <![CDATA[Demo]]>
              </value>
            </param>
            <param index="1">
              <value>
                <![CDATA[Demo Last Name]]>
              </value>
            </param>
            <param index="2">
              <value>
                <![CDATA[401210]]>
              </value>
            </param>
            <param index="3">
              <value>
                <![CDATA[103.65]]>
              </value>
            </param>
            <param index="4">
              <value>
                <![CDATA[[Ljava.lang.String;@3845b2a8]]>
              </value>
            </param>
          </params>
          <reporter-output>
          </reporter-output>
        </test-method> <!-- testCart -->
        <test-method is-config="true" signature="tearDown()[pri:0, instance:com.qa.playwright.tests.SwagLabTc.HomePageTest@1139b2f3]" started-at="2025-12-02T10:37:18 IST" name="tearDown" finished-at="2025-12-02T10:37:18 IST" duration-ms="382" status="PASS">
          <reporter-output>
          </reporter-output>
        </test-method> <!-- tearDown -->
      </class> <!-- com.qa.playwright.tests.SwagLabTc.HomePageTest -->
    </test> <!-- Swag Lab Login Page Test -->
  </suite> <!-- Test Suite -->
</testng-results>
