<?xml version="1.0" encoding="UTF-8"?>
<testng-results ignored="0" total="2" passed="2" failed="0" skipped="0">
  <reporter-output>
  </reporter-output>
  <suite started-at="2026-09-04T08:55:06 IST" name="Test Suite" finished-at="2026-09-04T08:55:30 IST" duration-ms="23591">
    <groups>
      <group name="smoke">
        <method signature="LeavePageTest.testFilter()[pri:1, instance:com.qa.playwright.tests.SwagLabTc.LeavePageTest@5158b42f]" name="testFilter" class="com.qa.playwright.tests.SwagLabTc.LeavePageTest"/>
        <method signature="LeavePageTest.testFilter()[pri:1, instance:com.qa.playwright.tests.SwagLabTc.LeavePageTest@702657cc]" name="testFilter" class="com.qa.playwright.tests.SwagLabTc.LeavePageTest"/>
      </group> <!-- smoke -->
    </groups>
    <test started-at="2026-09-04T08:55:06 IST" name="Swag Lab Login Page Test 1" finished-at="2026-09-04T08:55:23 IST" duration-ms="16494">
      <class name="com.qa.playwright.tests.SwagLabTc.LeavePageTest">
        <test-method is-config="true" signature="setup(java.lang.String)[pri:0, instance:com.qa.playwright.tests.SwagLabTc.LeavePageTest@5158b42f]" started-at="2026-09-04T08:55:07 IST" name="setup" finished-at="2026-09-04T08:55:20 IST" duration-ms="13800" status="PASS">
          <params>
            <param index="0">
              <value>
                <![CDATA[chromium]]>
              </value>
            </param>
          </params>
          <reporter-output>
          </reporter-output>
        </test-method> <!-- setup -->
        <test-method signature="testFilter()[pri:1, instance:com.qa.playwright.tests.SwagLabTc.LeavePageTest@5158b42f]" started-at="2026-09-04T08:55:20 IST" name="testFilter" finished-at="2026-09-04T08:55:23 IST" duration-ms="2194" status="PASS">
          <reporter-output>
          </reporter-output>
        </test-method> <!-- testFilter -->
        <test-method is-config="true" signature="tearDown()[pri:0, instance:com.qa.playwright.tests.SwagLabTc.LeavePageTest@5158b42f]" started-at="2026-09-04T08:55:23 IST" name="tearDown" finished-at="2026-09-04T08:55:23 IST" duration-ms="211" status="PASS">
          <reporter-output>
          </reporter-output>
        </test-method> <!-- tearDown -->
      </class> <!-- com.qa.playwright.tests.SwagLabTc.LeavePageTest -->
    </test> <!-- Swag Lab Login Page Test 1 -->
    <test started-at="2026-09-04T08:55:06 IST" name="Swag Lab Login Page Test 2" finished-at="2026-09-04T08:55:30 IST" duration-ms="23591">
      <class name="com.qa.playwright.tests.SwagLabTc.LeavePageTest">
        <test-method is-config="true" signature="setup(java.lang.String)[pri:0, instance:com.qa.playwright.tests.SwagLabTc.LeavePageTest@702657cc]" started-at="2026-09-04T08:55:07 IST" name="setup" finished-at="2026-09-04T08:55:27 IST" duration-ms="20317" status="PASS">
          <params>
            <param index="0">
              <value>
                <![CDATA[firefox]]>
              </value>
            </param>
          </params>
          <reporter-output>
          </reporter-output>
        </test-method> <!-- setup -->
        <test-method signature="testFilter()[pri:1, instance:com.qa.playwright.tests.SwagLabTc.LeavePageTest@702657cc]" started-at="2026-09-04T08:55:27 IST" name="testFilter" finished-at="2026-09-04T08:55:29 IST" duration-ms="2177" status="PASS">
          <reporter-output>
          </reporter-output>
        </test-method> <!-- testFilter -->
        <test-method is-config="true" signature="tearDown()[pri:0, instance:com.qa.playwright.tests.SwagLabTc.LeavePageTest@702657cc]" started-at="2026-09-04T08:55:29 IST" name="tearDown" finished-at="2026-09-04T08:55:30 IST" duration-ms="829" status="PASS">
          <reporter-output>
          </reporter-output>
        </test-method> <!-- tearDown -->
      </class> <!-- com.qa.playwright.tests.SwagLabTc.LeavePageTest -->
    </test> <!-- Swag Lab Login Page Test 2 -->
  </suite> <!-- Test Suite -->
</testng-results>
