<?xml version="1.0" encoding="UTF-8"?>
<testng-results ignored="0" total="1" passed="1" failed="0" skipped="0">
  <reporter-output>
  </reporter-output>
  <suite started-at="2026-04-10T12:43:08 IST" name="Test Suite" finished-at="2026-04-10T12:43:32 IST" duration-ms="23226">
    <groups>
    </groups>
    <test started-at="2026-04-10T12:43:08 IST" name="Swag Lab Login Page Test" finished-at="2026-04-10T12:43:32 IST" duration-ms="23226">
      <class name="com.qa.playwright.tests.SwagLabTc.LeavePageTest">
        <test-method is-config="true" signature="setup(java.lang.String)[pri:0, instance:com.qa.playwright.tests.SwagLabTc.LeavePageTest@67d48005]" started-at="2026-04-10T12:43:09 IST" name="setup" finished-at="2026-04-10T12:43:21 IST" duration-ms="12507" status="PASS">
          <params>
            <param index="0">
              <value>
                <![CDATA[chrome]]>
              </value>
            </param>
          </params>
          <reporter-output>
          </reporter-output>
        </test-method> <!-- setup -->
        <test-method signature="testHover()[pri:2, instance:com.qa.playwright.tests.SwagLabTc.LeavePageTest@67d48005]" started-at="2026-04-10T12:43:21 IST" name="testHover" finished-at="2026-04-10T12:43:31 IST" duration-ms="10231" status="PASS">
          <reporter-output>
          </reporter-output>
        </test-method> <!-- testHover -->
        <test-method is-config="true" signature="tearDown()[pri:0, instance:com.qa.playwright.tests.SwagLabTc.LeavePageTest@67d48005]" started-at="2026-04-10T12:43:31 IST" name="tearDown" finished-at="2026-04-10T12:43:32 IST" duration-ms="208" status="PASS">
          <reporter-output>
          </reporter-output>
        </test-method> <!-- tearDown -->
      </class> <!-- com.qa.playwright.tests.SwagLabTc.LeavePageTest -->
    </test> <!-- Swag Lab Login Page Test -->
  </suite> <!-- Test Suite -->
</testng-results>
