<?xml version="1.0" encoding="UTF-8"?>
<testng-results ignored="0" total="2" passed="2" failed="0" skipped="0">
  <reporter-output>
  </reporter-output>
  <suite started-at="2026-01-09T16:00:06 IST" name="Test Suite" finished-at="2026-01-09T16:01:32 IST" duration-ms="86503">
    <groups>
    </groups>
    <test started-at="2026-01-09T16:00:06 IST" name="Swag Lab Login Page Test" finished-at="2026-01-09T16:01:32 IST" duration-ms="86503">
      <class name="com.qa.playwright.tests.SwagLabTc.LeavePageTest">
        <test-method is-config="true" signature="setup(java.lang.String)[pri:0, instance:com.qa.playwright.tests.SwagLabTc.LeavePageTest@21de60b4]" started-at="2026-01-09T16:00:07 IST" name="setup" finished-at="2026-01-09T16:00:27 IST" duration-ms="20055" status="PASS">
          <params>
            <param index="0">
              <value>
                <![CDATA[chrome]]>
              </value>
            </param>
          </params>
          <reporter-output>
          </reporter-output>
        </test-method> <!-- setup -->
        <test-method signature="testCart(java.lang.String,java.lang.String,java.lang.String,java.lang.String,[Ljava.lang.String;)[pri:0, instance:com.qa.playwright.tests.SwagLabTc.LeavePageTest@21de60b4]" started-at="2026-01-09T16:00:27 IST" name="testCart" data-provider="swagLabCartData" finished-at="2026-01-09T16:00:56 IST" duration-ms="28724" status="PASS">
          <params>
            <param index="0">
              <value>
                <![CDATA[Ronak]]>
              </value>
            </param>
            <param index="1">
              <value>
                <![CDATA[Yadav]]>
              </value>
            </param>
            <param index="2">
              <value>
                <![CDATA[401209]]>
              </value>
            </param>
            <param index="3">
              <value>
                <![CDATA[103.65]]>
              </value>
            </param>
            <param index="4">
              <value>
                <![CDATA[[Ljava.lang.String;@5a4b3db5]]>
              </value>
            </param>
          </params>
          <reporter-output>
          </reporter-output>
        </test-method> <!-- testCart -->
        <test-method is-config="true" signature="tearDown()[pri:0, instance:com.qa.playwright.tests.SwagLabTc.LeavePageTest@21de60b4]" started-at="2026-01-09T16:00:56 IST" name="tearDown" finished-at="2026-01-09T16:00:56 IST" duration-ms="379" status="PASS">
          <reporter-output>
          </reporter-output>
        </test-method> <!-- tearDown -->
        <test-method is-config="true" signature="setup(java.lang.String)[pri:0, instance:com.qa.playwright.tests.SwagLabTc.LeavePageTest@21de60b4]" started-at="2026-01-09T16:00:56 IST" name="setup" finished-at="2026-01-09T16:01:03 IST" duration-ms="6976" status="PASS">
          <params>
            <param index="0">
              <value>
                <![CDATA[chrome]]>
              </value>
            </param>
          </params>
          <reporter-output>
          </reporter-output>
        </test-method> <!-- setup -->
        <test-method signature="testCart(java.lang.String,java.lang.String,java.lang.String,java.lang.String,[Ljava.lang.String;)[pri:0, instance:com.qa.playwright.tests.SwagLabTc.LeavePageTest@21de60b4]" started-at="2026-01-09T16:01:03 IST" name="testCart" data-provider="swagLabCartData" finished-at="2026-01-09T16:01:32 IST" duration-ms="28727" status="PASS">
          <params>
            <param index="0">
              <value>
                <![CDATA[Demo]]>
              </value>
            </param>
            <param index="1">
              <value>
                <![CDATA[Demo Last Name]]>
              </value>
            </param>
            <param index="2">
              <value>
                <![CDATA[401210]]>
              </value>
            </param>
            <param index="3">
              <value>
                <![CDATA[103.65]]>
              </value>
            </param>
            <param index="4">
              <value>
                <![CDATA[[Ljava.lang.String;@5a4b3db5]]>
              </value>
            </param>
          </params>
          <reporter-output>
          </reporter-output>
        </test-method> <!-- testCart -->
        <test-method is-config="true" signature="tearDown()[pri:0, instance:com.qa.playwright.tests.SwagLabTc.LeavePageTest@21de60b4]" started-at="2026-01-09T16:01:32 IST" name="tearDown" finished-at="2026-01-09T16:01:32 IST" duration-ms="294" status="PASS">
          <reporter-output>
          </reporter-output>
        </test-method> <!-- tearDown -->
      </class> <!-- com.qa.playwright.tests.SwagLabTc.LeavePageTest -->
    </test> <!-- Swag Lab Login Page Test -->
  </suite> <!-- Test Suite -->
</testng-results>
