<?xml version="1.0" encoding="UTF-8"?>
<testng-results ignored="0" total="6" passed="6" failed="0" skipped="0">
  <reporter-output>
  </reporter-output>
  <suite started-at="2025-11-25T13:52:18 IST" name="Test Suite" finished-at="2025-11-25T13:54:13 IST" duration-ms="115429">
    <groups>
    </groups>
    <test started-at="2025-11-25T13:52:18 IST" name="Swag Lab Login Page Test" finished-at="2025-11-25T13:54:13 IST" duration-ms="115429">
      <class name="com.qa.playwright.tests.SwagLabTc.LoginPageTest">
        <test-method is-config="true" signature="setup(java.lang.String)[pri:0, instance:com.qa.playwright.tests.SwagLabTc.LoginPageTest@5c30a9b0]" started-at="2025-11-25T13:52:19 IST" name="setup" finished-at="2025-11-25T13:52:33 IST" duration-ms="14490" status="PASS">
          <params>
            <param index="0">
              <value>
                <![CDATA[chrome]]>
              </value>
            </param>
          </params>
          <reporter-output>
          </reporter-output>
        </test-method> <!-- setup -->
        <test-method signature="testLogin(java.lang.String,java.lang.String,java.lang.String)[pri:0, instance:com.qa.playwright.tests.SwagLabTc.LoginPageTest@5c30a9b0]" started-at="2025-11-25T13:52:33 IST" name="testLogin" data-provider="swagLabData" finished-at="2025-11-25T13:52:44 IST" duration-ms="10261" status="PASS">
          <params>
            <param index="0">
              <value>
                <![CDATA[standard_user]]>
              </value>
            </param>
            <param index="1">
              <value>
                <![CDATA[secret_sauce]]>
              </value>
            </param>
            <param index="2">
              <value>
                <![CDATA[valid]]>
              </value>
            </param>
          </params>
          <reporter-output>
          </reporter-output>
        </test-method> <!-- testLogin -->
        <test-method is-config="true" signature="tearDown()[pri:0, instance:com.qa.playwright.tests.SwagLabTc.LoginPageTest@5c30a9b0]" started-at="2025-11-25T13:52:44 IST" name="tearDown" finished-at="2025-11-25T13:52:44 IST" duration-ms="373" status="PASS">
          <reporter-output>
          </reporter-output>
        </test-method> <!-- tearDown -->
        <test-method is-config="true" signature="setup(java.lang.String)[pri:0, instance:com.qa.playwright.tests.SwagLabTc.LoginPageTest@5c30a9b0]" started-at="2025-11-25T13:52:44 IST" name="setup" finished-at="2025-11-25T13:52:51 IST" duration-ms="7023" status="PASS">
          <params>
            <param index="0">
              <value>
                <![CDATA[chrome]]>
              </value>
            </param>
          </params>
          <reporter-output>
          </reporter-output>
        </test-method> <!-- setup -->
        <test-method signature="testLogin(java.lang.String,java.lang.String,java.lang.String)[pri:0, instance:com.qa.playwright.tests.SwagLabTc.LoginPageTest@5c30a9b0]" started-at="2025-11-25T13:52:51 IST" name="testLogin" data-provider="swagLabData" finished-at="2025-11-25T13:52:57 IST" duration-ms="6136" status="PASS">
          <params>
            <param index="0">
              <value>
                <![CDATA[locked_out_user]]>
              </value>
            </param>
            <param index="1">
              <value>
                <![CDATA[secret_sauce]]>
              </value>
            </param>
            <param index="2">
              <value>
                <![CDATA[invalid]]>
              </value>
            </param>
          </params>
          <reporter-output>
          </reporter-output>
        </test-method> <!-- testLogin -->
        <test-method is-config="true" signature="tearDown()[pri:0, instance:com.qa.playwright.tests.SwagLabTc.LoginPageTest@5c30a9b0]" started-at="2025-11-25T13:52:57 IST" name="tearDown" finished-at="2025-11-25T13:52:58 IST" duration-ms="291" status="PASS">
          <reporter-output>
          </reporter-output>
        </test-method> <!-- tearDown -->
        <test-method is-config="true" signature="setup(java.lang.String)[pri:0, instance:com.qa.playwright.tests.SwagLabTc.LoginPageTest@5c30a9b0]" started-at="2025-11-25T13:52:58 IST" name="setup" finished-at="2025-11-25T13:53:05 IST" duration-ms="7101" status="PASS">
          <params>
            <param index="0">
              <value>
                <![CDATA[chrome]]>
              </value>
            </param>
          </params>
          <reporter-output>
          </reporter-output>
        </test-method> <!-- setup -->
        <test-method signature="testLogin(java.lang.String,java.lang.String,java.lang.String)[pri:0, instance:com.qa.playwright.tests.SwagLabTc.LoginPageTest@5c30a9b0]" started-at="2025-11-25T13:53:05 IST" name="testLogin" data-provider="swagLabData" finished-at="2025-11-25T13:53:15 IST" duration-ms="10255" status="PASS">
          <params>
            <param index="0">
              <value>
                <![CDATA[problem_user]]>
              </value>
            </param>
            <param index="1">
              <value>
                <![CDATA[secret_sauce]]>
              </value>
            </param>
            <param index="2">
              <value>
                <![CDATA[valid]]>
              </value>
            </param>
          </params>
          <reporter-output>
          </reporter-output>
        </test-method> <!-- testLogin -->
        <test-method is-config="true" signature="tearDown()[pri:0, instance:com.qa.playwright.tests.SwagLabTc.LoginPageTest@5c30a9b0]" started-at="2025-11-25T13:53:15 IST" name="tearDown" finished-at="2025-11-25T13:53:15 IST" duration-ms="354" status="PASS">
          <reporter-output>
          </reporter-output>
        </test-method> <!-- tearDown -->
        <test-method is-config="true" signature="setup(java.lang.String)[pri:0, instance:com.qa.playwright.tests.SwagLabTc.LoginPageTest@5c30a9b0]" started-at="2025-11-25T13:53:15 IST" name="setup" finished-at="2025-11-25T13:53:22 IST" duration-ms="7057" status="PASS">
          <params>
            <param index="0">
              <value>
                <![CDATA[chrome]]>
              </value>
            </param>
          </params>
          <reporter-output>
          </reporter-output>
        </test-method> <!-- setup -->
        <test-method signature="testLogin(java.lang.String,java.lang.String,java.lang.String)[pri:0, instance:com.qa.playwright.tests.SwagLabTc.LoginPageTest@5c30a9b0]" started-at="2025-11-25T13:53:22 IST" name="testLogin" data-provider="swagLabData" finished-at="2025-11-25T13:53:38 IST" duration-ms="15212" status="PASS">
          <params>
            <param index="0">
              <value>
                <![CDATA[performance_glitch_user]]>
              </value>
            </param>
            <param index="1">
              <value>
                <![CDATA[secret_sauce]]>
              </value>
            </param>
            <param index="2">
              <value>
                <![CDATA[valid]]>
              </value>
            </param>
          </params>
          <reporter-output>
          </reporter-output>
        </test-method> <!-- testLogin -->
        <test-method is-config="true" signature="tearDown()[pri:0, instance:com.qa.playwright.tests.SwagLabTc.LoginPageTest@5c30a9b0]" started-at="2025-11-25T13:53:38 IST" name="tearDown" finished-at="2025-11-25T13:53:38 IST" duration-ms="317" status="PASS">
          <reporter-output>
          </reporter-output>
        </test-method> <!-- tearDown -->
        <test-method is-config="true" signature="setup(java.lang.String)[pri:0, instance:com.qa.playwright.tests.SwagLabTc.LoginPageTest@5c30a9b0]" started-at="2025-11-25T13:53:38 IST" name="setup" finished-at="2025-11-25T13:53:45 IST" duration-ms="7306" status="PASS">
          <params>
            <param index="0">
              <value>
                <![CDATA[chrome]]>
              </value>
            </param>
          </params>
          <reporter-output>
          </reporter-output>
        </test-method> <!-- setup -->
        <test-method signature="testLogin(java.lang.String,java.lang.String,java.lang.String)[pri:0, instance:com.qa.playwright.tests.SwagLabTc.LoginPageTest@5c30a9b0]" started-at="2025-11-25T13:53:45 IST" name="testLogin" data-provider="swagLabData" finished-at="2025-11-25T13:53:55 IST" duration-ms="10200" status="PASS">
          <params>
            <param index="0">
              <value>
                <![CDATA[error_user]]>
              </value>
            </param>
            <param index="1">
              <value>
                <![CDATA[secret_sauce]]>
              </value>
            </param>
            <param index="2">
              <value>
                <![CDATA[valid]]>
              </value>
            </param>
          </params>
          <reporter-output>
          </reporter-output>
        </test-method> <!-- testLogin -->
        <test-method is-config="true" signature="tearDown()[pri:0, instance:com.qa.playwright.tests.SwagLabTc.LoginPageTest@5c30a9b0]" started-at="2025-11-25T13:53:55 IST" name="tearDown" finished-at="2025-11-25T13:53:56 IST" duration-ms="372" status="PASS">
          <reporter-output>
          </reporter-output>
        </test-method> <!-- tearDown -->
        <test-method is-config="true" signature="setup(java.lang.String)[pri:0, instance:com.qa.playwright.tests.SwagLabTc.LoginPageTest@5c30a9b0]" started-at="2025-11-25T13:53:56 IST" name="setup" finished-at="2025-11-25T13:54:03 IST" duration-ms="6799" status="PASS">
          <params>
            <param index="0">
              <value>
                <![CDATA[chrome]]>
              </value>
            </param>
          </params>
          <reporter-output>
          </reporter-output>
        </test-method> <!-- setup -->
        <test-method signature="testLogin(java.lang.String,java.lang.String,java.lang.String)[pri:0, instance:com.qa.playwright.tests.SwagLabTc.LoginPageTest@5c30a9b0]" started-at="2025-11-25T13:54:03 IST" name="testLogin" data-provider="swagLabData" finished-at="2025-11-25T13:54:13 IST" duration-ms="10245" status="PASS">
          <params>
            <param index="0">
              <value>
                <![CDATA[visual_user]]>
              </value>
            </param>
            <param index="1">
              <value>
                <![CDATA[secret_sauce]]>
              </value>
            </param>
            <param index="2">
              <value>
                <![CDATA[valid]]>
              </value>
            </param>
          </params>
          <reporter-output>
          </reporter-output>
        </test-method> <!-- testLogin -->
        <test-method is-config="true" signature="tearDown()[pri:0, instance:com.qa.playwright.tests.SwagLabTc.LoginPageTest@5c30a9b0]" started-at="2025-11-25T13:54:13 IST" name="tearDown" finished-at="2025-11-25T13:54:13 IST" duration-ms="356" status="PASS">
          <reporter-output>
          </reporter-output>
        </test-method> <!-- tearDown -->
      </class> <!-- com.qa.playwright.tests.SwagLabTc.LoginPageTest -->
    </test> <!-- Swag Lab Login Page Test -->
  </suite> <!-- Test Suite -->
</testng-results>
