<?xml version="1.0" encoding="UTF-8"?>
<!-- Generated by org.testng.reporters.JUnitReportReporter -->
<testsuite hostname="PL-IN-PF5JALJ8" failures="0" tests="5" name="com.qa.playwright.tests.SwagLabTc.HomePageTest" time="80.287" errors="0" timestamp="2025-12-02T10:37:19 IST" skipped="3">
  <testcase classname="com.qa.playwright.tests.SwagLabTc.HomePageTest" name="testCart" time="43.949"/>
  <testcase classname="com.qa.playwright.tests.SwagLabTc.HomePageTest" name="testCart" time="36.338"/>
  <testcase classname="com.qa.playwright.tests.SwagLabTc.HomePageTest" name="testFilter">
    <skipped/>
  </testcase> <!-- testFilter -->
  <testcase classname="com.qa.playwright.tests.SwagLabTc.HomePageTest" name="testAllAccounts">
    <skipped/>
  </testcase> <!-- testAllAccounts -->
  <testcase classname="com.qa.playwright.tests.SwagLabTc.HomePageTest" name="testHover">
    <skipped/>
  </testcase> <!-- testHover -->
</testsuite> <!-- com.qa.playwright.tests.SwagLabTc.HomePageTest -->
