<?xml version="1.0" encoding="UTF-8"?>
<!-- Generated by org.testng.reporters.JUnitReportReporter -->
<testsuite hostname="PL-IN-PF5JALJ8" failures="0" tests="7" name="com.qa.playwright.tests.SwagLabTc.LoginPageTest" time="114.148" errors="0" timestamp="2025-11-25T13:54:14 IST" skipped="1">
  <testcase classname="com.qa.playwright.tests.SwagLabTc.LoginPageTest" name="testLogin" time="20.998"/>
  <testcase classname="com.qa.playwright.tests.SwagLabTc.LoginPageTest" name="testLogin" time="17.860"/>
  <testcase classname="com.qa.playwright.tests.SwagLabTc.LoginPageTest" name="testLogin" time="17.569"/>
  <testcase classname="com.qa.playwright.tests.SwagLabTc.LoginPageTest" name="testLogin" time="17.663"/>
  <testcase classname="com.qa.playwright.tests.SwagLabTc.LoginPageTest" name="testLogin" time="22.642"/>
  <testcase classname="com.qa.playwright.tests.SwagLabTc.LoginPageTest" name="testLogin" time="17.416"/>
  <testcase classname="com.qa.playwright.tests.SwagLabTc.LoginPageTest" name="testPricesForDifferentAcc">
    <skipped/>
  </testcase> <!-- testPricesForDifferentAcc -->
</testsuite> <!-- com.qa.playwright.tests.SwagLabTc.LoginPageTest -->
