<?xml version="1.0" encoding="UTF-8"?>
<!-- Generated by org.testng.reporters.JUnitReportReporter -->
<testsuite hostname="PL-IN-PF5JALJ8" failures="0" tests="5" name="com.qa.playwright.tests.SwagLabTc.HomePageTest" time="85.155" errors="0" timestamp="2026-01-09T16:01:33 IST" skipped="3">
  <testcase classname="com.qa.playwright.tests.SwagLabTc.HomePageTest" name="testCart" time="49.161"/>
  <testcase classname="com.qa.playwright.tests.SwagLabTc.HomePageTest" name="testCart" time="35.994"/>
  <testcase classname="com.qa.playwright.tests.SwagLabTc.HomePageTest" name="testHover">
    <skipped/>
  </testcase> <!-- testHover -->
  <testcase classname="com.qa.playwright.tests.SwagLabTc.HomePageTest" name="testFilter">
    <skipped/>
  </testcase> <!-- testFilter -->
  <testcase classname="com.qa.playwright.tests.SwagLabTc.HomePageTest" name="testAllAccounts">
    <skipped/>
  </testcase> <!-- testAllAccounts -->
</testsuite> <!-- com.qa.playwright.tests.SwagLabTc.HomePageTest -->
