<?xml version="1.0" encoding="UTF-8"?>
<!-- Generated by org.testng.reporters.JUnitReportReporter -->
<testsuite hostname="PL-IN-PF5JALJ8" failures="0" tests="5" name="com.qa.playwright.tests.SwagLabTc.LeavePageTest" time="93.818" errors="0" timestamp="2026-06-01T09:32:04 IST" skipped="3">
  <testcase classname="com.qa.playwright.tests.SwagLabTc.LeavePageTest" name="testCart" time="56.176"/>
  <testcase classname="com.qa.playwright.tests.SwagLabTc.LeavePageTest" name="testCart" time="37.642"/>
  <testcase classname="com.qa.playwright.tests.SwagLabTc.LeavePageTest" name="testFilter">
    <skipped/>
  </testcase> <!-- testFilter -->
  <testcase classname="com.qa.playwright.tests.SwagLabTc.LeavePageTest" name="testHover">
    <skipped/>
  </testcase> <!-- testHover -->
  <testcase classname="com.qa.playwright.tests.SwagLabTc.LeavePageTest" name="testAllAccounts">
    <skipped/>
  </testcase> <!-- testAllAccounts -->
</testsuite> <!-- com.qa.playwright.tests.SwagLabTc.LeavePageTest -->
