<?xml version="1.0" encoding="UTF-8"?>
<!-- Generated by org.testng.reporters.JUnitReportReporter -->
<testsuite hostname="PL-IN-PF5JALJ8" failures="0" tests="6" name="com.qa.playwright.tests.SwagLabTc.LoginPageTest" time="100.505" errors="0" timestamp="2026-08-25T14:36:08 IST" skipped="0">
  <testcase classname="com.qa.playwright.tests.SwagLabTc.LoginPageTest" name="testLogin" time="14.944"/>
  <testcase classname="com.qa.playwright.tests.SwagLabTc.LoginPageTest" name="testLogin" time="25.036"/>
  <testcase classname="com.qa.playwright.tests.SwagLabTc.LoginPageTest" name="testLogin" time="13.839"/>
  <testcase classname="com.qa.playwright.tests.SwagLabTc.LoginPageTest" name="testLogin" time="14.411"/>
  <testcase classname="com.qa.playwright.tests.SwagLabTc.LoginPageTest" name="testLogin" time="13.862"/>
  <testcase classname="com.qa.playwright.tests.SwagLabTc.LoginPageTest" name="testLogin" time="18.413"/>
</testsuite> <!-- com.qa.playwright.tests.SwagLabTc.LoginPageTest -->
