<?xml version="1.0" encoding="UTF-8"?>
<!-- Generated by org.testng.reporters.JUnitReportReporter -->
<testsuite hostname="PL-IN-PF5JALJ8" failures="0" tests="2" name="com.qa.playwright.tests.OrangeHrmTc.LoginPageTest" time="58.956" errors="0" timestamp="2026-03-30T12:15:36 IST" skipped="0">
  <testcase classname="com.qa.playwright.tests.OrangeHrmTc.LoginPageTest" name="login" time="34.386"/>
  <testcase classname="com.qa.playwright.tests.OrangeHrmTc.LoginPageTest" name="testLinks" time="24.570"/>
</testsuite> <!-- com.qa.playwright.tests.OrangeHrmTc.LoginPageTest -->
