<?xml version="1.0" encoding="UTF-8"?>
<!-- Generated by org.testng.reporters.JUnitReportReporter -->
<testsuite hostname="PL-IN-PF5JALJ8" failures="0" tests="2" name="com.qa.playwright.tests.OrangeHrmTc.LeavePageTest" time="87.620" errors="0" timestamp="2026-02-06T09:36:27 IST" skipped="0">
  <testcase classname="com.qa.playwright.tests.OrangeHrmTc.LeavePageTest" name="navigateToLeave" time="28.358"/>
  <testcase classname="com.qa.playwright.tests.OrangeHrmTc.LeavePageTest" name="applyLeaveTest" time="59.262"/>
</testsuite> <!-- com.qa.playwright.tests.OrangeHrmTc.LeavePageTest -->
