<?xml version="1.0" encoding="UTF-8"?>
<!-- Generated by org.testng.reporters.JUnitReportReporter -->
<testsuite hostname="PL-IN-PF5JALJ8" failures="0" tests="3" name="com.qa.playwright.tests.InstaxTc.HomePageTest" time="74.570" errors="0" timestamp="2026-01-13T11:58:28 IST" skipped="0">
  <testcase classname="com.qa.playwright.tests.InstaxTc.HomePageTest" name="testSearch" time="18.018"/>
  <testcase classname="com.qa.playwright.tests.InstaxTc.HomePageTest" name="testAddToCart" time="22.296"/>
  <testcase classname="com.qa.playwright.tests.InstaxTc.HomePageTest" name="testHover" time="34.256"/>
</testsuite> <!-- com.qa.playwright.tests.InstaxTc.HomePageTest -->
