<?xml version="1.0" encoding="UTF-8"?>
<!-- Generated by org.testng.reporters.JUnitReportReporter -->
<testsuite hostname="PL-IN-PF5JALJ8" failures="0" tests="3" name="com.qa.playwright.tests.InstaxTc.HomePageTest" time="69.231" errors="0" timestamp="2026-01-14T10:18:06 IST" skipped="0">
  <testcase classname="com.qa.playwright.tests.InstaxTc.HomePageTest" name="testSearch" time="15.606"/>
  <testcase classname="com.qa.playwright.tests.InstaxTc.HomePageTest" name="testAddToCart" time="20.106"/>
  <testcase classname="com.qa.playwright.tests.InstaxTc.HomePageTest" name="testHover" time="33.519"/>
</testsuite> <!-- com.qa.playwright.tests.InstaxTc.HomePageTest -->
