<?xml version="1.0" encoding="UTF-8"?>
<!-- Generated by org.testng.reporters.JUnitReportReporter -->
<testsuite hostname="PL-IN-PF5JALJ8" failures="0" tests="4" name="com.qa.playwright.tests.SwagLabTc.LeavePageTest" time="24.050" errors="0" timestamp="2026-04-15T15:16:57 IST" skipped="3">
  <testcase classname="com.qa.playwright.tests.SwagLabTc.LeavePageTest" name="testHover" time="24.050"/>
  <testcase classname="com.qa.playwright.tests.SwagLabTc.LeavePageTest" name="testFilter">
    <skipped/>
  </testcase> <!-- testFilter -->
  <testcase classname="com.qa.playwright.tests.SwagLabTc.LeavePageTest" name="testAllAccounts">
    <skipped/>
  </testcase> <!-- testAllAccounts -->
  <testcase classname="com.qa.playwright.tests.SwagLabTc.LeavePageTest" name="testCart">
    <skipped/>
  </testcase> <!-- testCart -->
</testsuite> <!-- com.qa.playwright.tests.SwagLabTc.LeavePageTest -->
