<?xml version="1.0" encoding="UTF-8"?>
<!-- Generated by org.testng.reporters.JUnitReportReporter -->
<testsuite hostname="PL-IN-PF5JALJ8" failures="0" tests="3" name="com.qa.playwright.tests.InstaxTc.LeavePageTest" time="67.633" errors="0" timestamp="2026-03-26T11:22:52 IST" skipped="0">
  <testcase classname="com.qa.playwright.tests.InstaxTc.LeavePageTest" name="testSearch" time="17.228"/>
  <testcase classname="com.qa.playwright.tests.InstaxTc.LeavePageTest" name="testAddToCart" time="21.122"/>
  <testcase classname="com.qa.playwright.tests.InstaxTc.LeavePageTest" name="testHover" time="29.283"/>
</testsuite> <!-- com.qa.playwright.tests.InstaxTc.LeavePageTest -->
