<?xml version="1.0" encoding="UTF-8"?>
<!-- Generated by org.testng.reporters.JUnitReportReporter -->
<testsuite hostname="PL-IN-PF5JALJ8" failures="0" tests="2" name="com.qa.playwright.tests.OrangeHrmTc.LoginPageTest" time="28.260" errors="0" timestamp="2026-01-14T12:39:11 IST" skipped="1">
  <testcase classname="com.qa.playwright.tests.OrangeHrmTc.LoginPageTest" name="testLinks" time="28.260"/>
  <testcase classname="com.qa.playwright.tests.OrangeHrmTc.LoginPageTest" name="login">
    <skipped/>
  </testcase> <!-- login -->
</testsuite> <!-- com.qa.playwright.tests.OrangeHrmTc.LoginPageTest -->
